# JRE version: Java(TM) SE Runtime Environment (8.0_111-b14) (build 1.8.0_111-b14)
# Java VM: Java HotSpot(TM) Client VM (25.111-b14 mixed mode windows-x86 )
Heap:
 def new generation   total 4928K, used 2613K [0x05000000, 0x05550000, 0x0a550000)
  eden space 4416K,  50% used [0x05000000, 0x0522de58, 0x05450000)
  from space 512K,  74% used [0x05450000, 0x054af670, 0x054d0000)
  to   space 512K,   0% used [0x054d0000, 0x054d0000, 0x05550000)
 tenured generation   total 10944K, used 3325K [0x0a550000, 0x0b000000, 0x15000000)
   the space 10944K,  30% used [0x0a550000, 0x0a88f580, 0x0a88f600, 0x0b000000)
 Metaspace       used 9744K, capacity 10201K, committed 10240K, reserved 10624K
GC Heap History (10 events):
Event: 0.599 GC heap before
{Heap before GC invocations=1 (full 0):
 def new generation   total 4928K, used 4928K [0x05000000, 0x05550000, 0x0a550000)
  eden space 4416K, 100% used [0x05000000, 0x05450000, 0x05450000)
  from space 512K, 100% used [0x054d0000, 0x05550000, 0x05550000)
  to   space 512K,   0% used [0x05450000, 0x05450000, 0x054d0000)
 tenured generation   total 10944K, used 161K [0x0a550000, 0x0b000000, 0x15000000)
   the space 10944K,   1% used [0x0a550000, 0x0a5786a0, 0x0a578800, 0x0b000000)
 Metaspace       used 4606K, capacity 4891K, committed 4992K, reserved 5504K
Event: 0.605 GC heap after
Heap after GC invocations=2 (full 0):
 def new generation   total 4928K, used 512K [0x05000000, 0x05550000, 0x0a550000)
  eden space 4416K,   0% used [0x05000000, 0x05000000, 0x05450000)
  from space 512K, 100% used [0x05450000, 0x054d0000, 0x054d0000)
  to   space 512K,   0% used [0x054d0000, 0x054d0000, 0x05550000)
 tenured generation   total 10944K, used 1123K [0x0a550000, 0x0b000000, 0x15000000)
   the space 10944K,  10% used [0x0a550000, 0x0a668eb0, 0x0a669000, 0x0b000000)
 Metaspace       used 4606K, capacity 4891K, committed 4992K, reserved 5504K
}
Event: 0.776 GC heap before
{Heap before GC invocations=2 (full 0):
 def new generation   total 4928K, used 4928K [0x05000000, 0x05550000, 0x0a550000)
  eden space 4416K, 100% used [0x05000000, 0x05450000, 0x05450000)
  from space 512K, 100% used [0x05450000, 0x054d0000, 0x054d0000)
  to   space 512K,   0% used [0x054d0000, 0x054d0000, 0x05550000)
 tenured generation   total 10944K, used 1123K [0x0a550000, 0x0b000000, 0x15000000)
   the space 10944K,  10% used [0x0a550000, 0x0a668eb0, 0x0a669000, 0x0b000000)
 Metaspace       used 6214K, capacity 6504K, committed 6528K, reserved 6528K
Event: 0.780 GC heap after
Heap after GC invocations=3 (full 0):
 def new generation   total 4928K, used 511K [0x05000000, 0x05550000, 0x0a550000)
  eden space 4416K,   0% used [0x05000000, 0x05000000, 0x05450000)
  from space 512K,  99% used [0x054d0000, 0x0554ff68, 0x05550000)
  to   space 512K,   0% used [0x05450000, 0x05450000, 0x054d0000)
 tenured generation   total 10944K, used 1468K [0x0a550000, 0x0b000000, 0x15000000)
   the space 10944K,  13% used [0x0a550000, 0x0a6bf240, 0x0a6bf400, 0x0b000000)
 Metaspace       used 6214K, capacity 6504K, committed 6528K, reserved 6528K
}
Event: 0.949 GC heap before
{Heap before GC invocations=3 (full 0):
 def new generation   total 4928K, used 4927K [0x05000000, 0x05550000, 0x0a550000)
  eden space 4416K, 100% used [0x05000000, 0x05450000, 0x05450000)
  from space 512K,  99% used [0x054d0000, 0x0554ff68, 0x05550000)
  to   space 512K,   0% used [0x05450000, 0x05450000, 0x054d0000)
 tenured generation   total 10944K, used 1468K [0x0a550000, 0x0b000000, 0x15000000)
   the space 10944K,  13% used [0x0a550000, 0x0a6bf240, 0x0a6bf400, 0x0b000000)
 Metaspace       used 7076K, capacity 7400K, committed 7424K, reserved 7552K
Event: 0.955 GC heap after
Heap after GC invocations=4 (full 0):
 def new generation   total 4928K, used 512K [0x05000000, 0x05550000, 0x0a550000)
  eden space 4416K,   0% used [0x05000000, 0x05000000, 0x05450000)
  from space 512K, 100% used [0x05450000, 0x054d0000, 0x054d0000)
  to   space 512K,   0% used [0x054d0000, 0x054d0000, 0x05550000)
 tenured generation   total 10944K, used 2497K [0x0a550000, 0x0b000000, 0x15000000)
   the space 10944K,  22% used [0x0a550000, 0x0a7c0508, 0x0a7c0600, 0x0b000000)
 Metaspace       used 7076K, capacity 7400K, committed 7424K, reserved 7552K
}
Event: 1.193 GC heap before
{Heap before GC invocations=4 (full 0):
 def new generation   total 4928K, used 4928K [0x05000000, 0x05550000, 0x0a550000)
  eden space 4416K, 100% used [0x05000000, 0x05450000, 0x05450000)
  from space 512K, 100% used [0x05450000, 0x054d0000, 0x054d0000)
  to   space 512K,   0% used [0x054d0000, 0x054d0000, 0x05550000)
 tenured generation   total 10944K, used 2497K [0x0a550000, 0x0b000000, 0x15000000)
   the space 10944K,  22% used [0x0a550000, 0x0a7c0508, 0x0a7c0600, 0x0b000000)
 Metaspace       used 8219K, capacity 8561K, committed 8576K, reserved 8576K
Event: 1.198 GC heap after
Heap after GC invocations=5 (full 0):
 def new generation   total 4928K, used 365K [0x05000000, 0x05550000, 0x0a550000)
  eden space 4416K,   0% used [0x05000000, 0x05000000, 0x05450000)
  from space 512K,  71% used [0x054d0000, 0x0552b660, 0x05550000)
  to   space 512K,   0% used [0x05450000, 0x05450000, 0x054d0000)
 tenured generation   total 10944K, used 2996K [0x0a550000, 0x0b000000, 0x15000000)
   the space 10944K,  27% used [0x0a550000, 0x0a83d128, 0x0a83d200, 0x0b000000)
 Metaspace       used 8219K, capacity 8561K, committed 8576K, reserved 8576K
}
Event: 1.364 GC heap before
{Heap before GC invocations=5 (full 0):
 def new generation   total 4928K, used 4781K [0x05000000, 0x05550000, 0x0a550000)
  eden space 4416K, 100% used [0x05000000, 0x05450000, 0x05450000)
  from space 512K,  71% used [0x054d0000, 0x0552b660, 0x05550000)
  to   space 512K,   0% used [0x05450000, 0x05450000, 0x054d0000)
 tenured generation   total 10944K, used 2996K [0x0a550000, 0x0b000000, 0x15000000)
   the space 10944K,  27% used [0x0a550000, 0x0a83d128, 0x0a83d200, 0x0b000000)
 Metaspace       used 9290K, capacity 9684K, committed 9728K, reserved 10624K
Event: 1.368 GC heap after
Heap after GC invocations=6 (full 0):
 def new generation   total 4928K, used 381K [0x05000000, 0x05550000, 0x0a550000)
  eden space 4416K,   0% used [0x05000000, 0x05000000, 0x05450000)
  from space 512K,  74% used [0x05450000, 0x054af670, 0x054d0000)
  to   space 512K,   0% used [0x054d0000, 0x054d0000, 0x05550000)
 tenured generation   total 10944K, used 3325K [0x0a550000, 0x0b000000, 0x15000000)
   the space 10944K,  30% used [0x0a550000, 0x0a88f580, 0x0a88f600, 0x0b000000)
 Metaspace       used 9290K, capacity 9684K, committed 9728K, reserved 10624K
}

